F:\WORK_NC\MYPROJECT\COMPILEONLINE\VSCOMPILE\COMPILEONLINE\DEBUG\MYDEF.OBJ
F:\WORK_NC\MYPROJECT\COMPILEONLINE\VSCOMPILE\COMPILEONLINE\DEBUG\HTTP.OBJ
F:\WORK_NC\MYPROJECT\COMPILEONLINE\VSCOMPILE\COMPILEONLINE\DEBUG\MAIN.OBJ
F:\WORK_NC\MYPROJECT\COMPILEONLINE\VSCOMPILE\COMPILEONLINE\DEBUG\MYSOCKET.OBJ
F:\WORK_NC\MYPROJECT\COMPILEONLINE\VSCOMPILE\COMPILEONLINE\DEBUG\MYWORK.OBJ
F:\WORK_NC\MYPROJECT\COMPILEONLINE\VSCOMPILE\COMPILEONLINE\DEBUG\WORK.OBJ
F:\WORK_NC\MYPROJECT\COMPILEONLINE\VSCOMPILE\COMPILEONLINE\DEBUG\WORKFACTORY.OBJ
F:\WORK_NC\MYPROJECT\COMPILEONLINE\VSCOMPILE\COMPILEONLINE\DEBUG\VC110.PDB
F:\WORK_NC\MYPROJECT\COMPILEONLINE\VSCOMPILE\COMPILEONLINE\DEBUG\URL.OBJ
F:\WORK_NC\MYPROJECT\COMPILEONLINE\VSCOMPILE\DEBUG\COMPILEONLINE.ILK
F:\WORK_NC\MYPROJECT\COMPILEONLINE\VSCOMPILE\DEBUG\COMPILEONLINE.EXE
F:\WORK_NC\MYPROJECT\COMPILEONLINE\VSCOMPILE\DEBUG\COMPILEONLINE.PDB
F:\work_nc\MyProject\CompileOnline\vscompile\CompileOnline\Debug\Http.obj
F:\work_nc\MyProject\CompileOnline\vscompile\CompileOnline\Debug\main.obj
F:\work_nc\MyProject\CompileOnline\vscompile\CompileOnline\Debug\MyDef.obj
F:\work_nc\MyProject\CompileOnline\vscompile\CompileOnline\Debug\MySocket.obj
F:\work_nc\MyProject\CompileOnline\vscompile\CompileOnline\Debug\MyWork.obj
F:\work_nc\MyProject\CompileOnline\vscompile\CompileOnline\Debug\Url.obj
F:\work_nc\MyProject\CompileOnline\vscompile\CompileOnline\Debug\Work.obj
F:\work_nc\MyProject\CompileOnline\vscompile\CompileOnline\Debug\WorkFactory.obj
F:\work_nc\MyProject\CompileOnline\vscompile\CompileOnline\Debug\cl.command.1.tlog
F:\work_nc\MyProject\CompileOnline\vscompile\CompileOnline\Debug\CL.read.1.tlog
F:\work_nc\MyProject\CompileOnline\vscompile\CompileOnline\Debug\CL.write.1.tlog
F:\work_nc\MyProject\CompileOnline\vscompile\CompileOnline\Debug\link-cvtres.read.1.tlog
F:\work_nc\MyProject\CompileOnline\vscompile\CompileOnline\Debug\link-cvtres.write.1.tlog
F:\work_nc\MyProject\CompileOnline\vscompile\CompileOnline\Debug\link-rc.read.1.tlog
F:\work_nc\MyProject\CompileOnline\vscompile\CompileOnline\Debug\link-rc.write.1.tlog
F:\work_nc\MyProject\CompileOnline\vscompile\CompileOnline\Debug\link.1108-cvtres.read.1.tlog
F:\work_nc\MyProject\CompileOnline\vscompile\CompileOnline\Debug\link.1108-cvtres.write.1.tlog
F:\work_nc\MyProject\CompileOnline\vscompile\CompileOnline\Debug\link.1108-rc.read.1.tlog
F:\work_nc\MyProject\CompileOnline\vscompile\CompileOnline\Debug\link.1108-rc.write.1.tlog
F:\work_nc\MyProject\CompileOnline\vscompile\CompileOnline\Debug\link.1108.read.1.tlog
F:\work_nc\MyProject\CompileOnline\vscompile\CompileOnline\Debug\link.1108.write.1.tlog
F:\work_nc\MyProject\CompileOnline\vscompile\CompileOnline\Debug\link.112-cvtres.read.1.tlog
F:\work_nc\MyProject\CompileOnline\vscompile\CompileOnline\Debug\link.112-cvtres.write.1.tlog
F:\work_nc\MyProject\CompileOnline\vscompile\CompileOnline\Debug\link.112-rc.read.1.tlog
F:\work_nc\MyProject\CompileOnline\vscompile\CompileOnline\Debug\link.112-rc.write.1.tlog
F:\work_nc\MyProject\CompileOnline\vscompile\CompileOnline\Debug\link.112.read.1.tlog
F:\work_nc\MyProject\CompileOnline\vscompile\CompileOnline\Debug\link.112.write.1.tlog
F:\work_nc\MyProject\CompileOnline\vscompile\CompileOnline\Debug\link.1648-cvtres.read.1.tlog
F:\work_nc\MyProject\CompileOnline\vscompile\CompileOnline\Debug\link.1648-cvtres.write.1.tlog
F:\work_nc\MyProject\CompileOnline\vscompile\CompileOnline\Debug\link.1648-rc.read.1.tlog
F:\work_nc\MyProject\CompileOnline\vscompile\CompileOnline\Debug\link.1648-rc.write.1.tlog
F:\work_nc\MyProject\CompileOnline\vscompile\CompileOnline\Debug\link.1648.read.1.tlog
F:\work_nc\MyProject\CompileOnline\vscompile\CompileOnline\Debug\link.1648.write.1.tlog
F:\work_nc\MyProject\CompileOnline\vscompile\CompileOnline\Debug\link.command.1.tlog
F:\work_nc\MyProject\CompileOnline\vscompile\CompileOnline\Debug\link.read.1.tlog
F:\work_nc\MyProject\CompileOnline\vscompile\CompileOnline\Debug\link.write.1.tlog
F:\work_nc\MyProject\CompileOnline\vscompile\CompileOnline\Debug\vc110.idb
F:\work_nc\MyProject\CompileOnline\vscompile\CompileOnline\Debug\vc110.pdb
F:\work_nc\MyProject\CompileOnline\vscompile\Debug\CompileOnline.pdb
F:\work_nc\MyProject\CompileOnline\vscompile\Debug\CompileOnline.exe
F:\work_nc\MyProject\CompileOnline\vscompile\Debug\CompileOnline.ilk
