F:\WORK_NC\MYPROJECT\COMPILEONLINE\WINPROJECT\COMPILEONLINE\DEBUG\CONFIG.OBJ
F:\WORK_NC\MYPROJECT\COMPILEONLINE\WINPROJECT\COMPILEONLINE\DEBUG\LOG.OBJ
F:\WORK_NC\MYPROJECT\COMPILEONLINE\WINPROJECT\COMPILEONLINE\DEBUG\MY_DEFINE.OBJ
F:\WORK_NC\MYPROJECT\COMPILEONLINE\WINPROJECT\COMPILEONLINE\DEBUG\HTTP.OBJ
F:\WORK_NC\MYPROJECT\COMPILEONLINE\WINPROJECT\COMPILEONLINE\DEBUG\REQUEST_HTTP.OBJ
F:\WORK_NC\MYPROJECT\COMPILEONLINE\WINPROJECT\COMPILEONLINE\DEBUG\RESPONSE_HTTP.OBJ
F:\WORK_NC\MYPROJECT\COMPILEONLINE\WINPROJECT\COMPILEONLINE\DEBUG\URL.OBJ
F:\WORK_NC\MYPROJECT\COMPILEONLINE\WINPROJECT\COMPILEONLINE\DEBUG\MAIN.OBJ
F:\WORK_NC\MYPROJECT\COMPILEONLINE\WINPROJECT\COMPILEONLINE\DEBUG\MY_SOCKET.OBJ
F:\WORK_NC\MYPROJECT\COMPILEONLINE\WINPROJECT\COMPILEONLINE\DEBUG\COMPILE_WORK.OBJ
F:\WORK_NC\MYPROJECT\COMPILEONLINE\WINPROJECT\COMPILEONLINE\DEBUG\MY_WORK.OBJ
F:\WORK_NC\MYPROJECT\COMPILEONLINE\WINPROJECT\COMPILEONLINE\DEBUG\WORK.OBJ
F:\WORK_NC\MYPROJECT\COMPILEONLINE\WINPROJECT\COMPILEONLINE\DEBUG\WORK_FACTORY.OBJ
F:\WORK_NC\MYPROJECT\COMPILEONLINE\WINPROJECT\COMPILEONLINE\DEBUG\VC110.PDB
F:\WORK_NC\MYPROJECT\COMPILEONLINE\WINPROJECT\DEBUG\COMPILEONLINE.ILK
F:\WORK_NC\MYPROJECT\COMPILEONLINE\WINPROJECT\DEBUG\COMPILEONLINE.EXE
F:\WORK_NC\MYPROJECT\COMPILEONLINE\WINPROJECT\DEBUG\COMPILEONLINE.PDB
F:\work_nc\MyProject\CompileOnline\winproject\CompileOnline\Debug\compile_work.obj
F:\work_nc\MyProject\CompileOnline\winproject\CompileOnline\Debug\config.obj
F:\work_nc\MyProject\CompileOnline\winproject\CompileOnline\Debug\http.obj
F:\work_nc\MyProject\CompileOnline\winproject\CompileOnline\Debug\log.obj
F:\work_nc\MyProject\CompileOnline\winproject\CompileOnline\Debug\main.obj
F:\work_nc\MyProject\CompileOnline\winproject\CompileOnline\Debug\my_define.obj
F:\work_nc\MyProject\CompileOnline\winproject\CompileOnline\Debug\my_socket.obj
F:\work_nc\MyProject\CompileOnline\winproject\CompileOnline\Debug\my_work.obj
F:\work_nc\MyProject\CompileOnline\winproject\CompileOnline\Debug\request_http.obj
F:\work_nc\MyProject\CompileOnline\winproject\CompileOnline\Debug\response_http.obj
F:\work_nc\MyProject\CompileOnline\winproject\CompileOnline\Debug\url.obj
F:\work_nc\MyProject\CompileOnline\winproject\CompileOnline\Debug\work.obj
F:\work_nc\MyProject\CompileOnline\winproject\CompileOnline\Debug\work_factory.obj
F:\work_nc\MyProject\CompileOnline\winproject\CompileOnline\Debug\cl.command.1.tlog
F:\work_nc\MyProject\CompileOnline\winproject\CompileOnline\Debug\CL.read.1.tlog
F:\work_nc\MyProject\CompileOnline\winproject\CompileOnline\Debug\CL.write.1.tlog
F:\work_nc\MyProject\CompileOnline\winproject\CompileOnline\Debug\link-cvtres.read.1.tlog
F:\work_nc\MyProject\CompileOnline\winproject\CompileOnline\Debug\link-cvtres.write.1.tlog
F:\work_nc\MyProject\CompileOnline\winproject\CompileOnline\Debug\link-rc.read.1.tlog
F:\work_nc\MyProject\CompileOnline\winproject\CompileOnline\Debug\link-rc.write.1.tlog
F:\work_nc\MyProject\CompileOnline\winproject\CompileOnline\Debug\link.4240-cvtres.read.1.tlog
F:\work_nc\MyProject\CompileOnline\winproject\CompileOnline\Debug\link.4240-cvtres.write.1.tlog
F:\work_nc\MyProject\CompileOnline\winproject\CompileOnline\Debug\link.4240-rc.read.1.tlog
F:\work_nc\MyProject\CompileOnline\winproject\CompileOnline\Debug\link.4240-rc.write.1.tlog
F:\work_nc\MyProject\CompileOnline\winproject\CompileOnline\Debug\link.4240.read.1.tlog
F:\work_nc\MyProject\CompileOnline\winproject\CompileOnline\Debug\link.4240.write.1.tlog
F:\work_nc\MyProject\CompileOnline\winproject\CompileOnline\Debug\link.4256-cvtres.read.1.tlog
F:\work_nc\MyProject\CompileOnline\winproject\CompileOnline\Debug\link.4256-cvtres.write.1.tlog
F:\work_nc\MyProject\CompileOnline\winproject\CompileOnline\Debug\link.4256-rc.read.1.tlog
F:\work_nc\MyProject\CompileOnline\winproject\CompileOnline\Debug\link.4256-rc.write.1.tlog
F:\work_nc\MyProject\CompileOnline\winproject\CompileOnline\Debug\link.4256.read.1.tlog
F:\work_nc\MyProject\CompileOnline\winproject\CompileOnline\Debug\link.4256.write.1.tlog
F:\work_nc\MyProject\CompileOnline\winproject\CompileOnline\Debug\link.command.1.tlog
F:\work_nc\MyProject\CompileOnline\winproject\CompileOnline\Debug\link.read.1.tlog
F:\work_nc\MyProject\CompileOnline\winproject\CompileOnline\Debug\link.write.1.tlog
F:\work_nc\MyProject\CompileOnline\winproject\CompileOnline\Debug\vc110.idb
F:\work_nc\MyProject\CompileOnline\winproject\CompileOnline\Debug\vc110.pdb
F:\work_nc\MyProject\CompileOnline\winproject\Debug\CompileOnline.pdb
F:\work_nc\MyProject\CompileOnline\winproject\Debug\CompileOnline.exe
F:\work_nc\MyProject\CompileOnline\winproject\Debug\CompileOnline.ilk
