生成启动时间为 2015/6/28 20:37:41。
     1>项目“F:\work_nc\MyProject\CompileOnline\winproject\CompileOnline\CompileOnline.vcxproj”在节点 2 上(Build 个目标)。
     1>Link:
         E:\vs2012\VC\bin\link.exe /ERRORREPORT:PROMPT /OUT:"F:\work_nc\MyProject\CompileOnline\winproject\Debug\CompileOnline.exe" /INCREMENTAL /NOLOGO kernel32.lib user32.lib gdi32.lib winspool.lib comdlg32.lib advapi32.lib shell32.lib ole32.lib oleaut32.lib uuid.lib odbc32.lib odbccp32.lib /MANIFEST /MANIFESTUAC:"level='asInvoker' uiAccess='false'" /manifest:embed /DEBUG /PDB:"F:\work_nc\MyProject\CompileOnline\winproject\Debug\CompileOnline.pdb" /TLBID:1 /DYNAMICBASE /NXCOMPAT /IMPLIB:"F:\work_nc\MyProject\CompileOnline\winproject\Debug\CompileOnline.lib" /MACHINE:X86 Debug\config.obj
         Debug\log.obj
         Debug\my_define.obj
         Debug\http.obj
         Debug\request_http.obj
         Debug\response_http.obj
         Debug\url.obj
         Debug\main.obj
         Debug\my_socket.obj
         Debug\compile_work.obj
         Debug\my_work.obj
         Debug\work.obj
         Debug\work_factory.obj
         LINK : 没有找到 F:\work_nc\MyProject\CompileOnline\winproject\Debug\CompileOnline.exe 或上一个增量链接没有生成它；正在执行完全链接
         CompileOnline.vcxproj -> F:\work_nc\MyProject\CompileOnline\winproject\Debug\CompileOnline.exe
     1>已完成生成项目“F:\work_nc\MyProject\CompileOnline\winproject\CompileOnline\CompileOnline.vcxproj”(Build 个目标)的操作。

生成成功。

已用时间 00:00:02.12
